Publisher Norma created at Mon Oct 23 2023 23:42:29 GMT-0500 (hora estándar de Colombia)
Author Gabriel García Márquez created at Tue Oct 24 2023 21:00:44 GMT-0500 (hora estándar de Colombia)
Publisher Debolsillo created at Tue Oct 24 2023 21:20:12 GMT-0500 (hora estándar de Colombia)
Book Cien años de soledad created at Tue Oct 24 2023 21:24:21 GMT-0500 (hora estándar de Colombia)
Book Cien años de soledad2 created at Tue Oct 24 2023 21:26:01 GMT-0500 (hora estándar de Colombia)
Book Cien años de soledad created at Tue Oct 24 2023 22:59:36 GMT-0500 (hora estándar de Colombia)
Book 1984 created at Sat Oct 28 2023 11:57:50 GMT-0500 (hora estándar oriental)
Book 1984 created at Sat Oct 28 2023 14:25:05 GMT-0500 (hora estándar oriental)
Book 1984 created at Sat Oct 28 2023 14:25:09 GMT-0500 (hora estándar oriental)
Book 22 created at Wed Nov 01 2023 16:07:02 GMT-0500 (hora estándar de Colombia)
Book 22 created at Wed Nov 01 2023 16:10:07 GMT-0500 (hora estándar de Colombia)
Book 22 created at Wed Nov 01 2023 16:12:45 GMT-0500 (hora estándar de Colombia)
Book 22 created at Wed Nov 01 2023 17:02:15 GMT-0500 (hora estándar de Colombia)
Book 22 created at Wed Nov 01 2023 17:02:40 GMT-0500 (hora estándar de Colombia)
Book 22 created at Wed Nov 01 2023 17:09:23 GMT-0500 (hora estándar de Colombia)
Book 22 created at Wed Nov 01 2023 17:54:44 GMT-0500 (hora estándar de Colombia)
Author Gabriel García Márquez created at Fri Nov 03 2023 15:35:46 GMT-0500 (hora estándar de Colombia)
Publisher Debolsillo created at Fri Nov 03 2023 15:36:08 GMT-0500 (hora estándar de Colombia)
Book lauritalamasbonita created at Sat Nov 04 2023 19:26:36 GMT-0500 (hora estándar de Colombia)
Book Bajo la misma estrella created at Sat Nov 11 2023 15:37:20 GMT-0500 (hora estándar oriental)
Book Ejemplo created at Sun Nov 12 2023 00:32:08 GMT-0500 (hora estándar de Colombia)
Book Harry Potter y el prisionero de Azkaban deleted at Tue Nov 14 2023 11:22:44 GMT-0500 (hora estándar de Colombia)
Book Bajo la misma estrella deleted at Tue Nov 14 2023 11:24:17 GMT-0500 (hora estándar de Colombia)
Book Veinte mil leguas de viaje submarino deleted at Tue Nov 14 2023 11:24:23 GMT-0500 (hora estándar de Colombia)
Book La llamada de Cthulu deleted at Tue Nov 14 2023 11:24:31 GMT-0500 (hora estándar de Colombia)
Book Harry Potter y la piedra filosofal deleted at Tue Nov 14 2023 11:33:14 GMT-0500 (hora estándar de Colombia)
Book Ejemplo deleted at Tue Nov 14 2023 11:36:13 GMT-0500 (hora estándar de Colombia)
Book Mary Shelley created at Wed Nov 15 2023 19:08:34 GMT-0500 (hora estándar de Colombia)
Book Bellas durmientes created at Wed Nov 15 2023 23:08:09 GMT-0500 (hora estándar de Colombia)
Book Moby Dick created at Wed Nov 15 2023 23:35:48 GMT-0500 (hora estándar de Colombia)
