::ffff:127.0.0.1 - - [22/Oct/2023:16:04:58 +0000] "GET /login HTTP/1.1" 404 144
::ffff:127.0.0.1 - - [22/Oct/2023:16:07:54 +0000] "POST / HTTP/1.1" 404 140
GET /register 404 147 - 1.848 ms
GET /register 404 147 - 0.944 ms
GET /register 404 147 - 0.467 ms
GET /register 404 147 - 0.447 ms
GET /register 404 147 - 0.391 ms
GET /register 404 147 - 0.462 ms
GET /register 404 147 - 0.549 ms
GET /register 404 147 - 0.588 ms
GET /register 404 147 - 0.882 ms
GET /register 404 147 - 0.463 ms
GET /register 404 147 - 0.423 ms
GET /register 404 147 - 0.466 ms
GET /register 404 147 - 0.451 ms
GET /register 404 147 - 0.389 ms
GET /register 404 147 - 0.454 ms
GET /register 404 147 - 0.497 ms
GET /register 404 147 - 0.447 ms
GET /register 404 147 - 1.994 ms
GET /register 404 147 - 0.354 ms
GET /register 404 147 - 0.361 ms
GET /register 404 147 - 0.393 ms
PUT /register 404 147 - 0.201 ms
PUT /register 404 147 - 0.187 ms
PUT /register 404 147 - 0.159 ms
PUT /register 404 147 - 0.191 ms
GET / 404 139 - 1.720 ms
GET / 404 139 - 0.417 ms
GET / 404 139 - 0.202 ms
GET / 404 139 - 0.168 ms
GET /favicon.ico 404 150 - 0.807 ms
GET /contact 404 146 - 1.578 ms
GET /contact 404 146 - 0.674 ms
GET /contact 404 146 - 0.191 ms
GET /login 404 144 - 0.718 ms
GET /favicon.ico 404 150 - 1.722 ms
GET /favicon.ico - - - - ms
GET /contact 404 146 - 1.571 ms
GET /user/assets/imagenes/fondo1.jpg 404 170 - 2.024 ms
GET /user/assets/imagenes/fondo1.jpg 404 170 - 0.968 ms
GET /user/assets/imagenes/fondo1.jpg 404 170 - 0.352 ms
GET /user/assets/imagenes/fondo1.jpg 404 170 - 0.535 ms
GET /user/assets/imagenes/fondo1.jpg 404 170 - 0.416 ms
GET /user/assets/imagenes/fondo1.jpg 404 170 - 0.509 ms
GET /user/assets/imagenes/fondo1.jpg 404 170 - 0.574 ms
POST /newbok 404 146 - 1.378 ms
GET /%60https://source.unsplash.com/800x600/?libro${recommendation.title}` 404 178 - 1.191 ms
GET /%60https://source.unsplash.com/800x600/?libro${recommendation.title}` 404 178 - 1.114 ms
GET /653892e45528e6874b8229e2 404 163 - 5.142 ms
GET /loan/653892e45528e6874b8229e2 404 168 - 2.266 ms
GET /book/653892a85528e6874b8229dc 404 168 - 1.812 ms
GET /book/653d60110cd8afe091e4c784 404 168 - 1.078 ms
GET /book/653d60110cd8afe091e4c784 404 168 - 0.513 ms
GET /assets/imgs/fondoCalendar.jpg 404 168 - 0.586 ms
GET /assets/imgs/fondoCalendar.jpg 404 168 - 0.544 ms
GET /assets/imgs/fondoCalendar.jpg 404 168 - 0.450 ms
GET /assets/imgs/fondoCalendar.jpg 404 168 - 0.186 ms
GET /assets/imgs/fondoCalendar.jpg 404 168 - 0.946 ms
GET /assets/imgs/fondoCalendar.jpg 404 168 - 0.483 ms
