
User 65354a5f2424ac19ceeb52c9 updated {"id":"65354a5f2424ac19ceeb52c9","fullname":"Pepe perez","password":"$2b$10$kFFDYHP3kiL.k8jfZ/8FnOb93y9IouHXU6mz/76YcsmqWdO8vVDHG"} at Mon Oct 23 2023 22:12:06 GMT-0500 (hora estándar de Colombia)User egarcia9543@misena.edu.co created at Tue Oct 24 2023 22:57:39 GMT-0500 (hora estándar de Colombia)
User egarcia9543@misena.edu.co created at Tue Oct 24 2023 22:59:05 GMT-0500 (hora estándar de Colombia)
User egg@gmail.com created at Thu Oct 26 2023 18:13:24 GMT-0500 (hora estándar de Colombia)
User egg@gmail.com created at Thu Oct 26 2023 23:50:46 GMT-0500 (hora estándar de Colombia)
User egg@gmail.com created at Sat Oct 28 2023 09:07:04 GMT-0500 (hora estándar oriental)
User test@gmail.com created at Sat Oct 28 2023 14:17:21 GMT-0500 (hora estándar oriental)
User arnold@gmail.com created at Tue Nov 14 2023 13:26:31 GMT-0500 (hora estándar de Colombia)
User arnold@gmail.com created at Wed Nov 15 2023 14:49:13 GMT-0500 (hora estándar de Colombia)
User buckleyconnor@gmail.com created at Wed Nov 15 2023 14:56:11 GMT-0500 (hora estándar de Colombia)
User buckleyconnor@gmail.com created at Wed Nov 15 2023 15:07:34 GMT-0500 (hora estándar de Colombia)
User buckleyconnor@gmail.com created at Wed Nov 15 2023 15:13:01 GMT-0500 (hora estándar de Colombia)
User buckleyconnor@gmail.com created at Wed Nov 15 2023 15:14:16 GMT-0500 (hora estándar de Colombia)
User buckleyconnor@gmail.com created at Wed Nov 15 2023 15:14:40 GMT-0500 (hora estándar de Colombia)
User buckleyconnor@gmail.com created at Wed Nov 15 2023 15:15:11 GMT-0500 (hora estándar de Colombia)
User buckleyconnor@gmail.com created at Wed Nov 15 2023 15:15:31 GMT-0500 (hora estándar de Colombia)
User buckleyconnor@gmail.com created at Wed Nov 15 2023 15:16:43 GMT-0500 (hora estándar de Colombia)
User buckleyconnor@gmail.com created at Wed Nov 15 2023 15:17:41 GMT-0500 (hora estándar de Colombia)
User buckleyconnor@gmail.com created at Wed Nov 15 2023 15:19:03 GMT-0500 (hora estándar de Colombia)
User buckleyconnor@gmail.com created at Wed Nov 15 2023 15:19:33 GMT-0500 (hora estándar de Colombia)
User buckleyconnor@gmail.com created at Wed Nov 15 2023 15:20:46 GMT-0500 (hora estándar de Colombia)
User buckleyconnor@gmail.com created at Wed Nov 15 2023 15:23:04 GMT-0500 (hora estándar de Colombia)
User buckleyconnor@gmail.com created at Wed Nov 15 2023 15:23:34 GMT-0500 (hora estándar de Colombia)
User buckleyconnor@gmail.com created at Wed Nov 15 2023 15:23:57 GMT-0500 (hora estándar de Colombia)
User buckleyconnor@gmail.com created at Wed Nov 15 2023 15:25:56 GMT-0500 (hora estándar de Colombia)
User buckleyconnor@gmail.com created at Wed Nov 15 2023 15:27:15 GMT-0500 (hora estándar de Colombia)
User buckleyconnor@gmail.com created at Wed Nov 15 2023 15:30:00 GMT-0500 (hora estándar de Colombia)
User buckleyconnor@gmail.com created at Wed Nov 15 2023 15:47:37 GMT-0500 (hora estándar de Colombia)
User 653b41a60d004d8c2085ab6e updated {"id":"653b41a60d004d8c2085ab6e","fullname":"Esteban G","email":"egg2@gmail.com","phone":"2884218","password":""} at Wed Nov 15 2023 16:27:02 GMT-0500 (hora estándar de Colombia)
User 653b41a60d004d8c2085ab6e updated {"id":"653b41a60d004d8c2085ab6e","fullname":"Esteban G","email":"egg@gmail.com","phone":"2884218","password":""} at Wed Nov 15 2023 16:51:11 GMT-0500 (hora estándar de Colombia)
User 653b41a60d004d8c2085ab6e updated {"id":"653b41a60d004d8c2085ab6e","fullname":"Esteban G","email":"eg2g@gmail.com","phone":"2884218","password":""} at Wed Nov 15 2023 16:51:51 GMT-0500 (hora estándar de Colombia)
User 653d5e40b62462ed4c36eac1 updated {"id":"653d5e40b62462ed4c36eac1","fullname":"Test","email":"test2@gmail.com","phone":"123456","password":""} at Wed Nov 15 2023 16:52:39 GMT-0500 (hora estándar de Colombia)
User 653d5e40b62462ed4c36eac1 updated {"id":"653d5e40b62462ed4c36eac1","fullname":"Test","email":"test@gmail.com","phone":"123456","password":""} at Wed Nov 15 2023 16:53:31 GMT-0500 (hora estándar de Colombia)
User 653d5e40b62462ed4c36eac1 updated {"id":"653d5e40b62462ed4c36eac1","fullname":"Test","email":"test2@gmail.com","phone":"1234356","password":""} at Wed Nov 15 2023 16:57:36 GMT-0500 (hora estándar de Colombia)
User 653d5e40b62462ed4c36eac1 updated {"id":"653d5e40b62462ed4c36eac1","fullname":"Test","email":"test2@gmail.com","phone":"12343564","password":""} at Wed Nov 15 2023 16:58:21 GMT-0500 (hora estándar de Colombia)
User 653d5e40b62462ed4c36eac1 updated {"id":"653d5e40b62462ed4c36eac1","fullname":"Usuario común","email":"test2@gmail.com","phone":"12343564","password":""} at Wed Nov 15 2023 16:59:52 GMT-0500 (hora estándar de Colombia)
User 653d5e40b62462ed4c36eac1 updated {"id":"653d5e40b62462ed4c36eac1","fullname":"Usuario común","email":"test2@gmail.com","phone":"3765421","password":""} at Wed Nov 15 2023 17:01:06 GMT-0500 (hora estándar de Colombia)
User 653d5e40b62462ed4c36eac1 updated {"id":"653d5e40b62462ed4c36eac1","fullname":"Usuario común","email":"test@gmail.com","phone":"3765421","password":""} at Wed Nov 15 2023 17:07:40 GMT-0500 (hora estándar de Colombia)
User 653d5e40b62462ed4c36eac1 updated {"id":"653d5e40b62462ed4c36eac1","fullname":"Usuario común","email":"test@gmail.com","phone":"3765421","password":""} at Wed Nov 15 2023 17:09:03 GMT-0500 (hora estándar de Colombia)
User 653d5e40b62462ed4c36eac1 updated {"id":"653d5e40b62462ed4c36eac1","fullname":"Usuario común","email":"egg@gmail.com","phone":"3765421","password":""} at Wed Nov 15 2023 17:09:12 GMT-0500 (hora estándar de Colombia)
User 653d5e40b62462ed4c36eac1 updated {"id":"653d5e40b62462ed4c36eac1","fullname":"Usuario común","email":"user@gmail.com","phone":"3765421","password":""} at Wed Nov 15 2023 17:17:04 GMT-0500 (hora estándar de Colombia)
User 653d5e40b62462ed4c36eac1 updated {"id":"653d5e40b62462ed4c36eac1","fullname":"Usuario común","email":"user@gmail.com","phone":"6754321","password":""} at Wed Nov 15 2023 17:18:35 GMT-0500 (hora estándar de Colombia)
User 653d5e40b62462ed4c36eac1 updated {"id":"653d5e40b62462ed4c36eac1","fullname":"Usuario común y corriente","email":"user@gmail.com","phone":"6754321","password":""} at Wed Nov 15 2023 17:21:06 GMT-0500 (hora estándar de Colombia)
User 653d5e40b62462ed4c36eac1 updated {"id":"653d5e40b62462ed4c36eac1","fullname":"Usuario común y corriente","email":"user@gmail.com","phone":"6754321","password":"$2b$10$tW.xVAN.06bRftpAU7B0Bec69NwuZIVwqME.JXTDGNI.mYE4aKH9."} at Wed Nov 15 2023 17:22:39 GMT-0500 (hora estándar de Colombia)
User 653b41a60d004d8c2085ab6e updated {"id":"653b41a60d004d8c2085ab6e","fullname":"Esteban G","email":"egg@gmail.com","phone":"2884218","password":""} at Wed Nov 15 2023 17:30:27 GMT-0500 (hora estándar de Colombia)
User 653b41a60d004d8c2085ab6e updated {"id":"653b41a60d004d8c2085ab6e","fullname":"Esteban G","email":"egg@gmail.com","phone":"2884218","password":"$2b$10$ITrscXmk169FGFCYLCIbVODQ/bo.KC6tANs869igGvTxVUPa3V./W"} at Wed Nov 15 2023 17:34:38 GMT-0500 (hora estándar de Colombia)
User 65552e69bfb5da9259e14661 updated {"id":"65552e69bfb5da9259e14661","fullname":"Arnold Suaseneger","email":"arnold@gmail.com","phone":"12345678","password":""} at Wed Nov 15 2023 17:51:09 GMT-0500 (hora estándar de Colombia)
User 65552e69bfb5da9259e14661 updated {"id":"65552e69bfb5da9259e14661","fullname":"Arnold Suaseneger","email":"arnold@gmail.com","phone":"3456854","password":""} at Wed Nov 15 2023 17:54:16 GMT-0500 (hora estándar de Colombia)
User 65552e69bfb5da9259e14661 updated {"id":"65552e69bfb5da9259e14661","fullname":"Arnold Suaseneger","email":"arnold@gmail.com","phone":"3456854","password":""} at Wed Nov 15 2023 18:46:27 GMT-0500 (hora estándar de Colombia)
User 65552e69bfb5da9259e14661 updated {"id":"65552e69bfb5da9259e14661","fullname":"Arnold Suaseneger","email":"arnold@gmail.com","phone":"34568542","password":""} at Thu Nov 16 2023 00:58:08 GMT-0500 (hora estándar de Colombia)
User egarcia@gmail.com created at Thu Nov 16 2023 23:41:11 GMT-0500 (hora estándar de Colombia)
User lauraacostacd1@gmail.com created at Fri Nov 17 2023 20:39:40 GMT-0500 (hora estándar de Colombia)
User 655815dcf4c80c95a099185e updated {"id":"655815dcf4c80c95a099185e","fullname":"Laura Acosta Cadavitch","email":"lauraacostacd1@gmail.com","phone":"3053792464","password":""} at Fri Nov 17 2023 20:39:57 GMT-0500 (hora estándar de Colombia)
User 653b41a60d004d8c2085ab6e updated {"id":"653b41a60d004d8c2085ab6e","fullname":"Esteban García","email":"egg@gmail.com","phone":"2884218","password":""} at Fri Nov 17 2023 22:13:58 GMT-0500 (hora estándar de Colombia)
User 655a0c2d4633450a5fdd98af updated {"id":"655a0c2d4633450a5fdd98af","fullname":"Administrador UwU","email":"admylib@gmail.com","phone":"2345671","password":""} at Thu Nov 23 2023 19:20:16 GMT-0500 (hora estándar de Colombia)
User egarcia9543@misena.edu.co created at Thu Nov 23 2023 21:23:44 GMT-0500 (hora estándar de Colombia)
User laura@gmail.com created at Thu Nov 23 2023 23:16:53 GMT-0500 (hora estándar de Colombia)
User 656023b5b770afda9f1d22b3 updated {"id":"656023b5b770afda9f1d22b3","fullname":"Laura Acosta Cadavid","email":"laura@gmail.com","phone":"3053792464","password":"$2b$10$6zTCSoYh99/BZNJv/UIuBerVPVWDCVm5oSpytxzRkho1iQrozDwCm"} at Thu Nov 23 2023 23:17:12 GMT-0500 (hora estándar de Colombia)
User 655a0c2d4633450a5fdd98af updated {"id":"655a0c2d4633450a5fdd98af","fullname":"Administrador UwU","email":"admylib@gmail.com","phone":"2345671","password":"$2b$10$woNmTQBdLlHhAVcgD93dAOFKMjHbZUGYvyS/P5LSyDdGwY.saylPC"} at Thu Nov 23 2023 23:29:25 GMT-0500 (hora estándar de Colombia)
User 655a0c2d4633450a5fdd98af updated {"id":"655a0c2d4633450a5fdd98af","fullname":"Administrador UwU","email":"admylib@gmail.com","phone":"2345671","password":"$2b$10$OcMNnO35QIeIq1nECJYrMenUO9IHuTckwssizAdxtizVxLB5ngQJy"} at Thu Nov 23 2023 23:31:21 GMT-0500 (hora estándar de Colombia)
User user@gmail.com created at Fri Nov 24 2023 23:57:17 GMT-0500 (hora estándar de Colombia)
User arnold@gmail.com created at Sat Nov 25 2023 12:52:38 GMT-0500 (hora estándar oriental)
User rigo@gmail.com created at Sat Nov 25 2023 12:58:38 GMT-0500 (hora estándar oriental)
User egg@gmail.com created at Tue Nov 28 2023 18:45:30 GMT-0500 (hora estándar de Colombia)
User egg@gmail.com created at Tue Nov 28 2023 18:48:15 GMT-0500 (hora estándar de Colombia)
User egg@gmail.com created at Tue Nov 28 2023 18:49:52 GMT-0500 (hora estándar de Colombia)
User egarcia9543@misena.edu.co created at Wed Nov 29 2023 20:00:18 GMT-0500 (hora estándar de Colombia)
User egarcia9543@misena.edu.co created at Wed Nov 29 2023 20:02:14 GMT-0500 (hora estándar de Colombia)
User 655a0c2d4633450a5fdd98af updated {"id":"655a0c2d4633450a5fdd98af","fullname":"Administrador UwU","email":"admylib@gmail.com","phone":"2345671","password":""} at Sat Dec 02 2023 10:42:27 GMT-0500 (hora estándar oriental)
User 655a0c2d4633450a5fdd98af updated {"id":"655a0c2d4633450a5fdd98af","fullname":"Administrador del Sistema","email":"admylib@gmail.com","phone":"2345671","password":""} at Sat Dec 02 2023 10:43:06 GMT-0500 (hora estándar oriental)
User 655a0c2d4633450a5fdd98af updated {"id":"655a0c2d4633450a5fdd98af","fullname":"Administrador del Sistema","email":"admylib@gmail.com","phone":"2345671","password":""} at Sat Dec 02 2023 10:43:55 GMT-0500 (hora estándar oriental)
User 65617eade55121cc6e6dc8ee updated {"id":"65617eade55121cc6e6dc8ee","fullname":"Usuario Común","email":"user@gmail.com","phone":"3245671","password":"$2b$10$dHfypXbqv5brejiBwmOD5eFGOizwPy/CaUE8q0Y/1v109KhIu9RqW"} at Sat Dec 02 2023 10:51:08 GMT-0500 (hora estándar oriental)
User 65617eade55121cc6e6dc8ee updated {"id":"65617eade55121cc6e6dc8ee","fullname":"Usuario Común","email":"user@gmail.com","phone":"3245671","password":"$2b$10$8Hidy.fFYqqKRysecJzLG.IUnK9y4sAuC1M0fgmVXEu9dZAIy062W"} at Sat Dec 02 2023 10:51:49 GMT-0500 (hora estándar oriental)
User 6567fde2ee41c9c18fca23a6 updated {"id":"6567fde2ee41c9c18fca23a6","fullname":"Esteban García García","email":"wizzajr@gmail.com","phone":"3223668825","password":"$2b$10$fDsUzIj6Cc4mwEot27lZUuBii4uuqe5mdArl18Udf5H35VURl84Te"} at Sat Dec 02 2023 10:52:54 GMT-0500 (hora estándar oriental)
User 65617eade55121cc6e6dc8ee updated {"id":"65617eade55121cc6e6dc8ee","fullname":"Usuario Común","email":"user@gmail.com","phone":"3245671","password":"$2b$10$QBGc9sjHeg4LbaTARPBWo.JiKGZXRc9Xs9oOP6y4tTGKjD9hBhIP6"} at Sat Dec 02 2023 10:54:04 GMT-0500 (hora estándar oriental)
User librarian@yopmail.com created at Mon Dec 04 2023 02:57:37 GMT-0500 (hora estándar de Colombia)
User admin@yopmail.com created at Mon Dec 04 2023 02:58:30 GMT-0500 (hora estándar de Colombia)
User jkl@gmail.com created at Mon Dec 04 2023 03:00:04 GMT-0500 (hora estándar de Colombia)
User egg@gmail.com created at Mon Dec 04 2023 03:01:20 GMT-0500 (hora estándar de Colombia)
User user@yopmail.com created at Mon Dec 04 2023 03:02:40 GMT-0500 (hora estándar de Colombia)
User arnold@gmail.com created at Mon Dec 04 2023 03:05:43 GMT-0500 (hora estándar de Colombia)
User rosso@gmail.com created at Mon Dec 04 2023 03:14:11 GMT-0500 (hora estándar de Colombia)
